<?xml version="1.0" encoding="UTF-8"?>
<!-- Generated by org.testng.reporters.JUnitReportReporter -->
<testsuite hostname="DESKTOP-PIEE89O" failures="0" tests="1" name="testcases.AddCatagory" time="6.806" errors="0" timestamp="2022-09-04T22:42:28 CDT" skipped="0">
  <testcase classname="testcases.AddCatagory" name="addingCatagory" time="6.806"/>
  <system-out/>
</testsuite> <!-- testcases.AddCatagory -->
