<?xml version="1.0" encoding="UTF-8"?>
<!-- Generated by org.testng.reporters.JUnitReportReporter -->
<testsuite hostname="DESKTOP-PIEE89O" failures="0" tests="1" name="testcases.MonthDropDown" time="6.402" errors="0" timestamp="2022-09-04T22:41:56 CDT" skipped="0">
  <testcase classname="testcases.MonthDropDown" name="validatingMonthDropDown" time="6.402"/>
  <system-out/>
</testsuite> <!-- testcases.MonthDropDown -->
