<?xml version="1.0" encoding="UTF-8"?>
<!-- Generated by org.testng.reporters.JUnitReportReporter -->
<testsuite hostname="DESKTOP-PIEE89O" failures="0" tests="1" name="testcases.DuplicateCatagory" time="4.183" errors="0" timestamp="2022-09-04T22:42:56 CDT" skipped="0">
  <testcase classname="testcases.DuplicateCatagory" name="addingCatagory" time="4.183"/>
  <system-out/>
</testsuite> <!-- testcases.DuplicateCatagory -->
